	Command being timed: "/nobackup/pjjg18/revbayes/projects/cmake/build/rb mc3time.Rev"
	User time (seconds): 33523.49
	System time (seconds): 1.12
	Percent of CPU this job got: 99%
	Elapsed (wall clock) time (h:mm:ss or m:ss): 9:21:56
	Average shared text size (kbytes): 0
	Average unshared data size (kbytes): 0
	Average stack size (kbytes): 0
	Average total size (kbytes): 0
	Maximum resident set size (kbytes): 2220940
	Average resident set size (kbytes): 0
	Major (requiring I/O) page faults: 2281
	Minor (reclaiming a frame) page faults: 374870
	Voluntary context switches: 7968
	Involuntary context switches: 78087
	Swaps: 0
	File system inputs: 99200
	File system outputs: 15784
	Socket messages sent: 0
	Socket messages received: 0
	Signals delivered: 0
	Page size (bytes): 4096
	Exit status: 0
